<?xml version="1.0" encoding="UTF-8"?>
<testsuite xmlns:xsi="http://www.w3.org/2001/XMLSchema-instance" xsi:noNamespaceSchemaLocation="https://maven.apache.org/surefire/maven-surefire-plugin/xsd/surefire-test-report-3.0.xsd" version="3.0" name="com.example.weather_data.WeatherDataApplicationTests" time="5.612" tests="1" errors="0" skipped="0" failures="0">
  <properties>
[...]
</properties>
  <testcase name="contextLoads" classname="com.example.weather_data.WeatherDataApplicationTests" time="0.56">
    <system-out><![CDATA[13:34:19.167 [main] INFO org.springframework.test.context.support.AnnotationConfigContextLoaderUtils -- Could not detect default configuration classes for test class [com.example.weather_data.WeatherDataApplicationTests]: WeatherDataApplicationTests does not declare any static, non-private, non-final, nested classes annotated with @Configuration.
13:34:19.274 [main] INFO org.springframework.boot.test.context.SpringBootTestContextBootstrapper -- Found @SpringBootConfiguration com.example.weather_data.WeatherDataApplication for test class com.example.weather_data.WeatherDataApplicationTests
13:34:19.429 [main] INFO org.springframework.boot.devtools.restart.RestartApplicationListener -- Restart disabled due to context in which it is running

  .   ____          _            __ _ _
 /\\ / ___'_ __ _ _(_)_ __  __ _ \ \ \ \
( ( )\___ | '_ | '_| | '_ \/ _` | \ \ \ \
 \\/  ___)| |_)| | | | | || (_| |  ) ) ) )
  '  |____| .__|_| |_|_| |_\__, | / / / /
 =========|_|==============|___/=/_/_/_/

 :: Spring Boot ::                (v3.3.4)

2024-12-17T13:34:19.855+05:30  INFO 25700 --- [weather_data] [           main] c.e.w.WeatherDataApplicationTests        : Starting WeatherDataApplicationTests using Java 22 with PID 25700 (started by suraj in D:\projects\weather_data)
2024-12-17T13:34:19.857+05:30  INFO 25700 --- [weather_data] [           main] c.e.w.WeatherDataApplicationTests        : No active profile set, falling back to 1 default profile: "default"
2024-12-17T13:34:20.524+05:30  INFO 25700 --- [weather_data] [           main] .s.d.r.c.RepositoryConfigurationDelegate : Bootstrapping Spring Data JPA repositories in DEFAULT mode.
2024-12-17T13:34:20.602+05:30  INFO 25700 --- [weather_data] [           main] .s.d.r.c.RepositoryConfigurationDelegate : Finished Spring Data repository scanning in 63 ms. Found 1 JPA repository interface.
2024-12-17T13:34:21.116+05:30  INFO 25700 --- [weather_data] [           main] o.hibernate.jpa.internal.util.LogHelper  : HHH000204: Processing PersistenceUnitInfo [name: default]
2024-12-17T13:34:21.190+05:30  INFO 25700 --- [weather_data] [           main] org.hibernate.Version                    : HHH000412: Hibernate ORM core version 6.5.3.Final
2024-12-17T13:34:21.232+05:30  INFO 25700 --- [weather_data] [           main] o.h.c.internal.RegionFactoryInitiator    : HHH000026: Second-level cache disabled
2024-12-17T13:34:21.558+05:30  INFO 25700 --- [weather_data] [           main] o.s.o.j.p.SpringPersistenceUnitInfo      : No LoadTimeWeaver setup: ignoring JPA class transformer
2024-12-17T13:34:21.594+05:30  INFO 25700 --- [weather_data] [           main] com.zaxxer.hikari.HikariDataSource       : HikariPool-1 - Starting...
2024-12-17T13:34:21.765+05:30  INFO 25700 --- [weather_data] [           main] com.zaxxer.hikari.pool.HikariPool        : HikariPool-1 - Added connection conn0: url=jdbc:h2:mem:weatherdb user=SA
2024-12-17T13:34:21.767+05:30  INFO 25700 --- [weather_data] [           main] com.zaxxer.hikari.HikariDataSource       : HikariPool-1 - Start completed.
2024-12-17T13:34:21.793+05:30  WARN 25700 --- [weather_data] [           main] org.hibernate.orm.deprecation            : HHH90000025: H2Dialect does not need to be specified explicitly using 'hibernate.dialect' (remove the property setting and it will be selected by default)
2024-12-17T13:34:22.512+05:30  INFO 25700 --- [weather_data] [           main] o.h.e.t.j.p.i.JtaPlatformInitiator       : HHH000489: No JTA platform available (set 'hibernate.transaction.jta.platform' to enable JTA platform integration)
Hibernate: create table daily_weather_summaries (id bigint generated by default as identity, average_temp float(53) not null, city varchar(255), data_point_count integer not null, date date, dominant_condition varchar(255), humidity integer not null, max_temp float(53) not null, min_temp float(53) not null, primary key (id))
2024-12-17T13:34:22.558+05:30  INFO 25700 --- [weather_data] [           main] j.LocalContainerEntityManagerFactoryBean : Initialized JPA EntityManagerFactory for persistence unit 'default'
2024-12-17T13:34:22.598+05:30  INFO 25700 --- [weather_data] [           main] c.e.weather_data.service.WeatherService  : OPENWEATHERMAP_API_KEY successfully loaded
2024-12-17T13:34:22.937+05:30  INFO 25700 --- [weather_data] [           main] o.s.d.j.r.query.QueryEnhancerFactory     : Hibernate is in classpath; If applicable, HQL parser will be used.
2024-12-17T13:34:23.554+05:30  WARN 25700 --- [weather_data] [           main] JpaBaseConfiguration$JpaWebConfiguration : spring.jpa.open-in-view is enabled by default. Therefore, database queries may be performed during view rendering. Explicitly configure spring.jpa.open-in-view to disable this warning
2024-12-17T13:34:23.935+05:30  INFO 25700 --- [weather_data] [           main] o.s.b.a.h2.H2ConsoleAutoConfiguration    : H2 console available at '/h2-console'. Database available at 'jdbc:h2:mem:weatherdb'
2024-12-17T13:34:24.026+05:30  INFO 25700 --- [weather_data] [           main] c.e.w.WeatherDataApplicationTests        : Started WeatherDataApplicationTests in 4.613 seconds (process running for 5.625)
Fetching weather data at: 2024-12-17T13:34:24.029051100
]]></system-out>
    <system-err><![CDATA[WARNING: A Java agent has been loaded dynamically (C:\Users\suraj\.m2\repository\net\bytebuddy\byte-buddy-agent\1.14.19\byte-buddy-agent-1.14.19.jar)
WARNING: If a serviceability tool is in use, please run with -XX:+EnableDynamicAgentLoading to hide this warning
WARNING: If a serviceability tool is not in use, please run with -Djdk.instrument.traceUsage for more information
WARNING: Dynamic loading of agents will be disallowed by default in a future release
]]></system-err>
  </testcase>
</testsuite>